2021-10-02 09:32:16 [main] INFO  Application - Central: Total de antenas: 2Total de Numeros: 100
CentralTelefonica{
	 antenas = {
	[Antena: Antena-2
Total de numeros da Antena: 49
NumeroTelefone{tipoNumero=CIVIL, numTelefome='900000036', emLicacaoCom=null}
NumeroTelefone{tipoNumero=CIVIL, numTelefome='900000032', emLicacaoCom=null}
NumeroTelefone{tipoNumero=CIVIL, numTelefome='900000045', emLicacaoCom=null}
NumeroTelefone{tipoNumero=CIVIL, numTelefome='900000047', emLicacaoCom=null}
NumeroTelefone{tipoNumero=CIVIL, numTelefome='900000042', emLicacaoCom=null}
NumeroTelefone{tipoNumero=CIVIL, numTelefome='900000052', emLicacaoCom=null}
NumeroTelefone{tipoNumero=CIVIL, numTelefome='900000055', emLicacaoCom=null}
NumeroTelefone{tipoNumero=CIVIL, numTelefome='900000048', emLicacaoCom=null}
NumeroTelefone{tipoNumero=CIVIL, numTelefome='900000051', emLicacaoCom=null}
NumeroTelefone{tipoNumero=BOMBEIRO, numTelefome='900000060', emLicacaoCom=null}
NumeroTelefone{tipoNumero=BOMBEIRO, numTelefome='900000061', emLicacaoCom=null}
NumeroTelefone{tipoNumero=BOMBEIRO, numTelefome='900000062', emLicacaoCom=null}
NumeroTelefone{tipoNumero=CIVIL, numTelefome='900000056', emLicacaoCom=null}
NumeroTelefone{tipoNumero=CIVIL, numTelefome='900000058', emLicacaoCom=null}
NumeroTelefone{tipoNumero=CIVIL, numTelefome='900000059', emLicacaoCom=null}
NumeroTelefone{tipoNumero=CIVIL, numTelefome='900000006', emLicacaoCom=null}
NumeroTelefone{tipoNumero=CIVIL, numTelefome='900000000', emLicacaoCom=null}
NumeroTelefone{tipoNumero=CIVIL, numTelefome='900000013', emLicacaoCom=null}
NumeroTelefone{tipoNumero=CIVIL, numTelefome='900000014', emLicacaoCom=null}
NumeroTelefone{tipoNumero=CIVIL, numTelefome='900000009', emLicacaoCom=null}
NumeroTelefone{tipoNumero=CIVIL, numTelefome='900000010', emLicacaoCom=null}
NumeroTelefone{tipoNumero=CIVIL, numTelefome='900000020', emLicacaoCom=null}
NumeroTelefone{tipoNumero=CIVIL, numTelefome='900000022', emLicacaoCom=null}
NumeroTelefone{tipoNumero=CIVIL, numTelefome='900000019', emLicacaoCom=null}
NumeroTelefone{tipoNumero=CIVIL, numTelefome='900000029', emLicacaoCom=null}
NumeroTelefone{tipoNumero=CIVIL, numTelefome='900000030', emLicacaoCom=null}
NumeroTelefone{tipoNumero=CIVIL, numTelefome='900000031', emLicacaoCom=null}
NumeroTelefone{tipoNumero=CIVIL, numTelefome='900000024', emLicacaoCom=null}
NumeroTelefone{tipoNumero=CIVIL, numTelefome='900000025', emLicacaoCom=null}
NumeroTelefone{tipoNumero=CIVIL, numTelefome='900000027', emLicacaoCom=null}
NumeroTelefone{tipoNumero=MEDICO, numTelefome='900000098', emLicacaoCom=null}
NumeroTelefone{tipoNumero=MEDICO, numTelefome='900000099', emLicacaoCom=null}
NumeroTelefone{tipoNumero=BOMBEIRO, numTelefome='900000069', emLicacaoCom=null}
NumeroTelefone{tipoNumero=BOMBEIRO, numTelefome='900000070', emLicacaoCom=null}
NumeroTelefone{tipoNumero=BOMBEIRO, numTelefome='900000077', emLicacaoCom=null}
NumeroTelefone{tipoNumero=BOMBEIRO, numTelefome='900000072', emLicacaoCom=null}
NumeroTelefone{tipoNumero=BOMBEIRO, numTelefome='900000073', emLicacaoCom=null}
NumeroTelefone{tipoNumero=BOMBEIRO, numTelefome='900000074', emLicacaoCom=null}
NumeroTelefone{tipoNumero=BOMBEIRO, numTelefome='900000075', emLicacaoCom=null}
NumeroTelefone{tipoNumero=BOMBEIRO, numTelefome='900000084', emLicacaoCom=null}
NumeroTelefone{tipoNumero=BOMBEIRO, numTelefome='900000086', emLicacaoCom=null}
NumeroTelefone{tipoNumero=BOMBEIRO, numTelefome='900000087', emLicacaoCom=null}
NumeroTelefone{tipoNumero=BOMBEIRO, numTelefome='900000080', emLicacaoCom=null}
NumeroTelefone{tipoNumero=BOMBEIRO, numTelefome='900000081', emLicacaoCom=null}
NumeroTelefone{tipoNumero=BOMBEIRO, numTelefome='900000082', emLicacaoCom=null}
NumeroTelefone{tipoNumero=BOMBEIRO, numTelefome='900000083', emLicacaoCom=null}
NumeroTelefone{tipoNumero=MEDICO, numTelefome='900000094', emLicacaoCom=null}
NumeroTelefone{tipoNumero=BOMBEIRO, numTelefome='900000088', emLicacaoCom=null}
NumeroTelefone{tipoNumero=BOMBEIRO, numTelefome='900000089', emLicacaoCom=null}
, Antena: Antena-1
Total de numeros da Antena: 51
NumeroTelefone{tipoNumero=CIVIL, numTelefome='900000037', emLicacaoCom=null}
NumeroTelefone{tipoNumero=CIVIL, numTelefome='900000038', emLicacaoCom=null}
NumeroTelefone{tipoNumero=CIVIL, numTelefome='900000039', emLicacaoCom=null}
NumeroTelefone{tipoNumero=CIVIL, numTelefome='900000033', emLicacaoCom=null}
NumeroTelefone{tipoNumero=CIVIL, numTelefome='900000034', emLicacaoCom=null}
NumeroTelefone{tipoNumero=CIVIL, numTelefome='900000035', emLicacaoCom=null}
NumeroTelefone{tipoNumero=CIVIL, numTelefome='900000044', emLicacaoCom=null}
NumeroTelefone{tipoNumero=CIVIL, numTelefome='900000046', emLicacaoCom=null}
NumeroTelefone{tipoNumero=CIVIL, numTelefome='900000040', emLicacaoCom=null}
NumeroTelefone{tipoNumero=CIVIL, numTelefome='900000041', emLicacaoCom=null}
NumeroTelefone{tipoNumero=CIVIL, numTelefome='900000043', emLicacaoCom=null}
NumeroTelefone{tipoNumero=CIVIL, numTelefome='900000053', emLicacaoCom=null}
NumeroTelefone{tipoNumero=CIVIL, numTelefome='900000054', emLicacaoCom=null}
NumeroTelefone{tipoNumero=CIVIL, numTelefome='900000049', emLicacaoCom=null}
NumeroTelefone{tipoNumero=CIVIL, numTelefome='900000050', emLicacaoCom=null}
NumeroTelefone{tipoNumero=BOMBEIRO, numTelefome='900000063', emLicacaoCom=null}
NumeroTelefone{tipoNumero=CIVIL, numTelefome='900000057', emLicacaoCom=null}
NumeroTelefone{tipoNumero=CIVIL, numTelefome='900000004', emLicacaoCom=null}
NumeroTelefone{tipoNumero=CIVIL, numTelefome='900000005', emLicacaoCom=null}
NumeroTelefone{tipoNumero=CIVIL, numTelefome='900000007', emLicacaoCom=null}
NumeroTelefone{tipoNumero=CIVIL, numTelefome='900000001', emLicacaoCom=null}
NumeroTelefone{tipoNumero=CIVIL, numTelefome='900000002', emLicacaoCom=null}
NumeroTelefone{tipoNumero=CIVIL, numTelefome='900000003', emLicacaoCom=null}
NumeroTelefone{tipoNumero=CIVIL, numTelefome='900000012', emLicacaoCom=null}
NumeroTelefone{tipoNumero=CIVIL, numTelefome='900000015', emLicacaoCom=null}
NumeroTelefone{tipoNumero=CIVIL, numTelefome='900000008', emLicacaoCom=null}
NumeroTelefone{tipoNumero=CIVIL, numTelefome='900000011', emLicacaoCom=null}
NumeroTelefone{tipoNumero=CIVIL, numTelefome='900000021', emLicacaoCom=null}
NumeroTelefone{tipoNumero=CIVIL, numTelefome='900000023', emLicacaoCom=null}
NumeroTelefone{tipoNumero=CIVIL, numTelefome='900000016', emLicacaoCom=null}
NumeroTelefone{tipoNumero=CIVIL, numTelefome='900000017', emLicacaoCom=null}
NumeroTelefone{tipoNumero=CIVIL, numTelefome='900000018', emLicacaoCom=null}
NumeroTelefone{tipoNumero=CIVIL, numTelefome='900000028', emLicacaoCom=null}
NumeroTelefone{tipoNumero=CIVIL, numTelefome='900000026', emLicacaoCom=null}
NumeroTelefone{tipoNumero=MEDICO, numTelefome='900000096', emLicacaoCom=null}
NumeroTelefone{tipoNumero=MEDICO, numTelefome='900000097', emLicacaoCom=null}
NumeroTelefone{tipoNumero=BOMBEIRO, numTelefome='900000068', emLicacaoCom=null}
NumeroTelefone{tipoNumero=BOMBEIRO, numTelefome='900000071', emLicacaoCom=null}
NumeroTelefone{tipoNumero=BOMBEIRO, numTelefome='900000064', emLicacaoCom=null}
NumeroTelefone{tipoNumero=BOMBEIRO, numTelefome='900000065', emLicacaoCom=null}
NumeroTelefone{tipoNumero=BOMBEIRO, numTelefome='900000066', emLicacaoCom=null}
NumeroTelefone{tipoNumero=BOMBEIRO, numTelefome='900000067', emLicacaoCom=null}
NumeroTelefone{tipoNumero=BOMBEIRO, numTelefome='900000076', emLicacaoCom=null}
NumeroTelefone{tipoNumero=BOMBEIRO, numTelefome='900000078', emLicacaoCom=null}
NumeroTelefone{tipoNumero=BOMBEIRO, numTelefome='900000079', emLicacaoCom=null}
NumeroTelefone{tipoNumero=BOMBEIRO, numTelefome='900000085', emLicacaoCom=null}
NumeroTelefone{tipoNumero=MEDICO, numTelefome='900000092', emLicacaoCom=null}
NumeroTelefone{tipoNumero=MEDICO, numTelefome='900000093', emLicacaoCom=null}
NumeroTelefone{tipoNumero=MEDICO, numTelefome='900000095', emLicacaoCom=null}
NumeroTelefone{tipoNumero=MEDICO, numTelefome='900000090', emLicacaoCom=null}
NumeroTelefone{tipoNumero=MEDICO, numTelefome='900000091', emLicacaoCom=null}
]
}
2021-10-02 09:32:16 [main] INFO  Application - Ligacao NumeroTelefone{tipoNumero=CIVIL, numTelefome='900000020', emLicacaoCom=null} => NumeroTelefone{tipoNumero=BOMBEIRO, numTelefome='900000083', emLicacaoCom=null}
2021-10-02 09:32:16 [main] INFO  Antena - Ligacao conectada NumeroTelefone{tipoNumero=CIVIL, numTelefome='900000020', emLicacaoCom=null} => NumeroTelefone{tipoNumero=BOMBEIRO, numTelefome='900000083', emLicacaoCom=null}
2021-10-02 09:32:16 [main] INFO  Application - Ligacao NumeroTelefone{tipoNumero=BOMBEIRO, numTelefome='900000074', emLicacaoCom=null} => NumeroTelefone{tipoNumero=BOMBEIRO, numTelefome='900000064', emLicacaoCom=null}
2021-10-02 09:32:16 [main] INFO  Antena - Ligacao conectada NumeroTelefone{tipoNumero=BOMBEIRO, numTelefome='900000074', emLicacaoCom=null} => NumeroTelefone{tipoNumero=BOMBEIRO, numTelefome='900000064', emLicacaoCom=null}
2021-10-02 09:32:16 [Thread-0] INFO  Antena - Antena Antena-2 em execucao
2021-10-02 09:32:16 [Thread-1] INFO  Antena - Antena Antena-1 em execucao
2021-10-02 09:32:18 [Thread-1] INFO  Antena - Antena Antena-1: nenhuma chamanda chegou =/
2021-10-02 09:32:18 [Thread-1] INFO  Antena - Status: Total de ligacoes conectadas: 1
Total de ligacoes em espera: 0
Lista em curso: 
900000074(Antena-2) => 900000064(Antena-1)

2021-10-02 09:32:18 [Thread-0] INFO  Antena - Antena Antena-2: nenhuma chamanda chegou =/
2021-10-02 09:32:18 [Thread-0] INFO  Antena - Status: Total de ligacoes conectadas: 1
Total de ligacoes em espera: 0
Lista em curso: 
900000020(Antena-2) => 900000083(Antena-2)

2021-10-02 09:32:20 [Thread-1] INFO  Antena - Antena Antena-1: nenhuma chamanda chegou =/
2021-10-02 09:32:20 [Thread-0] INFO  Antena - Antena Antena-2: nenhuma chamanda chegou =/
2021-10-02 09:32:20 [Thread-0] INFO  Antena - Status: Total de ligacoes conectadas: 1
Total de ligacoes em espera: 0
Lista em curso: 
900000020(Antena-2) => 900000083(Antena-2)

2021-10-02 09:32:20 [Thread-1] INFO  Antena - Status: Total de ligacoes conectadas: 1
Total de ligacoes em espera: 0
Lista em curso: 
900000074(Antena-2) => 900000064(Antena-1)

2021-10-02 09:32:22 [Thread-0] INFO  Antena - Antena Antena-2: nenhuma chamanda chegou =/
2021-10-02 09:32:22 [Thread-1] INFO  Antena - Antena Antena-1: nenhuma chamanda chegou =/
2021-10-02 09:32:22 [Thread-0] INFO  Antena - Status: Total de ligacoes conectadas: 1
Total de ligacoes em espera: 0
Lista em curso: 
900000020(Antena-2) => 900000083(Antena-2)

2021-10-02 09:32:22 [Thread-1] INFO  Antena - Status: Total de ligacoes conectadas: 1
Total de ligacoes em espera: 0
Lista em curso: 
900000074(Antena-2) => 900000064(Antena-1)

2021-10-02 09:32:24 [Thread-1] INFO  Antena - Antena Antena-1: nenhuma chamanda chegou =/
2021-10-02 09:32:24 [Thread-0] INFO  Antena - Antena Antena-2: nenhuma chamanda chegou =/
2021-10-02 09:32:24 [Thread-1] INFO  Antena - Status: Total de ligacoes conectadas: 1
Total de ligacoes em espera: 0
Lista em curso: 
900000074(Antena-2) => 900000064(Antena-1)

2021-10-02 09:32:24 [Thread-0] INFO  Antena - Status: Total de ligacoes conectadas: 1
Total de ligacoes em espera: 0
Lista em curso: 
900000020(Antena-2) => 900000083(Antena-2)

2021-10-02 09:32:26 [Thread-0] INFO  Antena - Antena Antena-2: nenhuma chamanda chegou =/
2021-10-02 09:32:26 [Thread-1] INFO  Antena - Antena Antena-1: nenhuma chamanda chegou =/
2021-10-02 09:32:26 [Thread-0] INFO  Antena - Status: Total de ligacoes conectadas: 1
Total de ligacoes em espera: 0
Lista em curso: 
900000020(Antena-2) => 900000083(Antena-2)

2021-10-02 09:32:26 [Thread-1] INFO  Antena - Status: Total de ligacoes conectadas: 1
Total de ligacoes em espera: 0
Lista em curso: 
900000074(Antena-2) => 900000064(Antena-1)

2021-10-02 09:32:28 [Thread-1] INFO  Antena - Antena Antena-1: nenhuma chamanda chegou =/
2021-10-02 09:32:28 [Thread-0] INFO  Antena - Antena Antena-2: nenhuma chamanda chegou =/
2021-10-02 09:32:28 [Thread-1] INFO  Antena - Status: Total de ligacoes conectadas: 1
Total de ligacoes em espera: 0
Lista em curso: 
900000074(Antena-2) => 900000064(Antena-1)

2021-10-02 09:32:28 [Thread-0] INFO  Antena - Status: Total de ligacoes conectadas: 1
Total de ligacoes em espera: 0
Lista em curso: 
900000020(Antena-2) => 900000083(Antena-2)

2021-10-02 09:32:30 [Thread-0] INFO  Antena - Antena Antena-2: nenhuma chamanda chegou =/
2021-10-02 09:32:30 [Thread-1] INFO  Antena - Antena Antena-1: nenhuma chamanda chegou =/
2021-10-02 09:32:30 [Thread-0] INFO  Antena - Status: Total de ligacoes conectadas: 1
Total de ligacoes em espera: 0
Lista em curso: 
900000020(Antena-2) => 900000083(Antena-2)

2021-10-02 09:32:30 [Thread-1] INFO  Antena - Status: Total de ligacoes conectadas: 1
Total de ligacoes em espera: 0
Lista em curso: 
900000074(Antena-2) => 900000064(Antena-1)

2021-10-02 09:32:32 [Thread-0] INFO  Antena - Antena Antena-2: nenhuma chamanda chegou =/
2021-10-02 09:32:32 [Thread-1] INFO  Antena - Antena Antena-1: nenhuma chamanda chegou =/
2021-10-02 09:32:32 [Thread-0] INFO  Antena - Status: Total de ligacoes conectadas: 1
Total de ligacoes em espera: 0
Lista em curso: 
900000020(Antena-2) => 900000083(Antena-2)

2021-10-02 09:32:32 [Thread-1] INFO  Antena - Status: Total de ligacoes conectadas: 1
Total de ligacoes em espera: 0
Lista em curso: 
900000074(Antena-2) => 900000064(Antena-1)

2021-10-02 09:32:34 [Thread-1] INFO  Antena - Antena Antena-1: nenhuma chamanda chegou =/
2021-10-02 09:32:34 [Thread-1] INFO  Antena - Status: Total de ligacoes conectadas: 1
Total de ligacoes em espera: 0
Lista em curso: 
900000074(Antena-2) => 900000064(Antena-1)

2021-10-02 09:32:34 [Thread-0] INFO  Antena - Antena Antena-2: nenhuma chamanda chegou =/
2021-10-02 09:32:34 [Thread-0] INFO  Antena - Status: Total de ligacoes conectadas: 1
Total de ligacoes em espera: 0
Lista em curso: 
900000020(Antena-2) => 900000083(Antena-2)

2021-10-02 09:32:36 [Thread-1] INFO  Antena - Antena Antena-1: nenhuma chamanda chegou =/
2021-10-02 09:32:36 [Thread-0] INFO  Antena - Antena Antena-2: nenhuma chamanda chegou =/
2021-10-02 09:32:36 [Thread-1] INFO  Antena - Status: Total de ligacoes conectadas: 1
Total de ligacoes em espera: 0
Lista em curso: 
900000074(Antena-2) => 900000064(Antena-1)

2021-10-02 09:32:36 [Thread-0] INFO  Antena - Status: Total de ligacoes conectadas: 1
Total de ligacoes em espera: 0
Lista em curso: 
900000020(Antena-2) => 900000083(Antena-2)

2021-10-02 09:32:36 [Thread-1] INFO  Antena - Deligando a antena Antena-1
2021-10-02 09:32:36 [Thread-0] INFO  Antena - Deligando a antena Antena-2
