2021-10-03 13:32:46.443 [Thread-2] INFO  br.ufpa.cbcc.threads.central.Antena - Antena Antena-2 em execucao
2021-10-03 13:32:46.443 [main] INFO  br.ufpa.cbcc.threads.Application - Central: Total de antenas: 3Total de Numeros: 100
CentralTelefonica{
	 antenas = {
	[Antena: Antena-1
Total de numeros da Antena: 39
NumeroTelefone{tipoNumero=CIVIL, numTelefome='1', emLicacaoCom=null}
NumeroTelefone{tipoNumero=MEDICO, numTelefome='66', emLicacaoCom=null}
NumeroTelefone{tipoNumero=CIVIL, numTelefome='2', emLicacaoCom=null}
NumeroTelefone{tipoNumero=MEDICO, numTelefome='68', emLicacaoCom=null}
NumeroTelefone{tipoNumero=CIVIL, numTelefome='5', emLicacaoCom=null}
NumeroTelefone{tipoNumero=CIVIL, numTelefome='6', emLicacaoCom=null}
NumeroTelefone{tipoNumero=MEDICO, numTelefome='72', emLicacaoCom=null}
NumeroTelefone{tipoNumero=MEDICO, numTelefome='73', emLicacaoCom=null}
NumeroTelefone{tipoNumero=MEDICO, numTelefome='74', emLicacaoCom=null}
NumeroTelefone{tipoNumero=CIVIL, numTelefome='12', emLicacaoCom=null}
NumeroTelefone{tipoNumero=MEDICO, numTelefome='76', emLicacaoCom=null}
NumeroTelefone{tipoNumero=MEDICO, numTelefome='77', emLicacaoCom=null}
NumeroTelefone{tipoNumero=MEDICO, numTelefome='79', emLicacaoCom=null}
NumeroTelefone{tipoNumero=MEDICO, numTelefome='80', emLicacaoCom=null}
NumeroTelefone{tipoNumero=CIVIL, numTelefome='16', emLicacaoCom=null}
NumeroTelefone{tipoNumero=CIVIL, numTelefome='17', emLicacaoCom=null}
NumeroTelefone{tipoNumero=MEDICO, numTelefome='81', emLicacaoCom=null}
NumeroTelefone{tipoNumero=CIVIL, numTelefome='18', emLicacaoCom=null}
NumeroTelefone{tipoNumero=MEDICO, numTelefome='84', emLicacaoCom=null}
NumeroTelefone{tipoNumero=CIVIL, numTelefome='20', emLicacaoCom=null}
NumeroTelefone{tipoNumero=CIVIL, numTelefome='21', emLicacaoCom=null}
NumeroTelefone{tipoNumero=MEDICO, numTelefome='85', emLicacaoCom=null}
NumeroTelefone{tipoNumero=CIVIL, numTelefome='22', emLicacaoCom=null}
NumeroTelefone{tipoNumero=MEDICO, numTelefome='86', emLicacaoCom=null}
NumeroTelefone{tipoNumero=CIVIL, numTelefome='26', emLicacaoCom=null}
NumeroTelefone{tipoNumero=BOMBEIRO, numTelefome='91', emLicacaoCom=null}
NumeroTelefone{tipoNumero=BOMBEIRO, numTelefome='96', emLicacaoCom=null}
NumeroTelefone{tipoNumero=BOMBEIRO, numTelefome='97', emLicacaoCom=null}
NumeroTelefone{tipoNumero=BOMBEIRO, numTelefome='99', emLicacaoCom=null}
NumeroTelefone{tipoNumero=CIVIL, numTelefome='41', emLicacaoCom=null}
NumeroTelefone{tipoNumero=CIVIL, numTelefome='42', emLicacaoCom=null}
NumeroTelefone{tipoNumero=CIVIL, numTelefome='43', emLicacaoCom=null}
NumeroTelefone{tipoNumero=CIVIL, numTelefome='44', emLicacaoCom=null}
NumeroTelefone{tipoNumero=CIVIL, numTelefome='55', emLicacaoCom=null}
NumeroTelefone{tipoNumero=CIVIL, numTelefome='56', emLicacaoCom=null}
NumeroTelefone{tipoNumero=CIVIL, numTelefome='57', emLicacaoCom=null}
NumeroTelefone{tipoNumero=CIVIL, numTelefome='58', emLicacaoCom=null}
NumeroTelefone{tipoNumero=MEDICO, numTelefome='62', emLicacaoCom=null}
NumeroTelefone{tipoNumero=MEDICO, numTelefome='63', emLicacaoCom=null}
, Antena: Antena-0
Total de numeros da Antena: 24
NumeroTelefone{tipoNumero=CIVIL, numTelefome='0', emLicacaoCom=null}
NumeroTelefone{tipoNumero=CIVIL, numTelefome='33', emLicacaoCom=null}
NumeroTelefone{tipoNumero=MEDICO, numTelefome='65', emLicacaoCom=null}
NumeroTelefone{tipoNumero=BOMBEIRO, numTelefome='98', emLicacaoCom=null}
NumeroTelefone{tipoNumero=CIVIL, numTelefome='34', emLicacaoCom=null}
NumeroTelefone{tipoNumero=CIVIL, numTelefome='3', emLicacaoCom=null}
NumeroTelefone{tipoNumero=CIVIL, numTelefome='35', emLicacaoCom=null}
NumeroTelefone{tipoNumero=MEDICO, numTelefome='69', emLicacaoCom=null}
NumeroTelefone{tipoNumero=CIVIL, numTelefome='38', emLicacaoCom=null}
NumeroTelefone{tipoNumero=CIVIL, numTelefome='7', emLicacaoCom=null}
NumeroTelefone{tipoNumero=CIVIL, numTelefome='39', emLicacaoCom=null}
NumeroTelefone{tipoNumero=CIVIL, numTelefome='8', emLicacaoCom=null}
NumeroTelefone{tipoNumero=CIVIL, numTelefome='9', emLicacaoCom=null}
NumeroTelefone{tipoNumero=CIVIL, numTelefome='14', emLicacaoCom=null}
NumeroTelefone{tipoNumero=MEDICO, numTelefome='78', emLicacaoCom=null}
NumeroTelefone{tipoNumero=CIVIL, numTelefome='50', emLicacaoCom=null}
NumeroTelefone{tipoNumero=CIVIL, numTelefome='52', emLicacaoCom=null}
NumeroTelefone{tipoNumero=CIVIL, numTelefome='23', emLicacaoCom=null}
NumeroTelefone{tipoNumero=CIVIL, numTelefome='24', emLicacaoCom=null}
NumeroTelefone{tipoNumero=MEDICO, numTelefome='88', emLicacaoCom=null}
NumeroTelefone{tipoNumero=MEDICO, numTelefome='60', emLicacaoCom=null}
NumeroTelefone{tipoNumero=CIVIL, numTelefome='29', emLicacaoCom=null}
NumeroTelefone{tipoNumero=BOMBEIRO, numTelefome='94', emLicacaoCom=null}
NumeroTelefone{tipoNumero=BOMBEIRO, numTelefome='95', emLicacaoCom=null}
, Antena: Antena-2
Total de numeros da Antena: 37
NumeroTelefone{tipoNumero=MEDICO, numTelefome='64', emLicacaoCom=null}
NumeroTelefone{tipoNumero=MEDICO, numTelefome='67', emLicacaoCom=null}
NumeroTelefone{tipoNumero=CIVIL, numTelefome='4', emLicacaoCom=null}
NumeroTelefone{tipoNumero=MEDICO, numTelefome='70', emLicacaoCom=null}
NumeroTelefone{tipoNumero=MEDICO, numTelefome='71', emLicacaoCom=null}
NumeroTelefone{tipoNumero=CIVIL, numTelefome='10', emLicacaoCom=null}
NumeroTelefone{tipoNumero=MEDICO, numTelefome='75', emLicacaoCom=null}
NumeroTelefone{tipoNumero=CIVIL, numTelefome='11', emLicacaoCom=null}
NumeroTelefone{tipoNumero=CIVIL, numTelefome='13', emLicacaoCom=null}
NumeroTelefone{tipoNumero=CIVIL, numTelefome='15', emLicacaoCom=null}
NumeroTelefone{tipoNumero=MEDICO, numTelefome='82', emLicacaoCom=null}
NumeroTelefone{tipoNumero=CIVIL, numTelefome='19', emLicacaoCom=null}
NumeroTelefone{tipoNumero=MEDICO, numTelefome='83', emLicacaoCom=null}
NumeroTelefone{tipoNumero=MEDICO, numTelefome='87', emLicacaoCom=null}
NumeroTelefone{tipoNumero=MEDICO, numTelefome='89', emLicacaoCom=null}
NumeroTelefone{tipoNumero=CIVIL, numTelefome='25', emLicacaoCom=null}
NumeroTelefone{tipoNumero=BOMBEIRO, numTelefome='90', emLicacaoCom=null}
NumeroTelefone{tipoNumero=CIVIL, numTelefome='27', emLicacaoCom=null}
NumeroTelefone{tipoNumero=CIVIL, numTelefome='28', emLicacaoCom=null}
NumeroTelefone{tipoNumero=BOMBEIRO, numTelefome='92', emLicacaoCom=null}
NumeroTelefone{tipoNumero=BOMBEIRO, numTelefome='93', emLicacaoCom=null}
NumeroTelefone{tipoNumero=CIVIL, numTelefome='30', emLicacaoCom=null}
NumeroTelefone{tipoNumero=CIVIL, numTelefome='31', emLicacaoCom=null}
NumeroTelefone{tipoNumero=CIVIL, numTelefome='32', emLicacaoCom=null}
NumeroTelefone{tipoNumero=CIVIL, numTelefome='36', emLicacaoCom=null}
NumeroTelefone{tipoNumero=CIVIL, numTelefome='37', emLicacaoCom=null}
NumeroTelefone{tipoNumero=CIVIL, numTelefome='40', emLicacaoCom=null}
NumeroTelefone{tipoNumero=CIVIL, numTelefome='45', emLicacaoCom=null}
NumeroTelefone{tipoNumero=CIVIL, numTelefome='46', emLicacaoCom=null}
NumeroTelefone{tipoNumero=CIVIL, numTelefome='47', emLicacaoCom=null}
NumeroTelefone{tipoNumero=CIVIL, numTelefome='48', emLicacaoCom=null}
NumeroTelefone{tipoNumero=CIVIL, numTelefome='49', emLicacaoCom=null}
NumeroTelefone{tipoNumero=CIVIL, numTelefome='51', emLicacaoCom=null}
NumeroTelefone{tipoNumero=CIVIL, numTelefome='53', emLicacaoCom=null}
NumeroTelefone{tipoNumero=CIVIL, numTelefome='54', emLicacaoCom=null}
NumeroTelefone{tipoNumero=CIVIL, numTelefome='59', emLicacaoCom=null}
NumeroTelefone{tipoNumero=MEDICO, numTelefome='61', emLicacaoCom=null}
]
}
2021-10-03 13:32:46.443 [Thread-0] INFO  br.ufpa.cbcc.threads.central.Antena - Antena Antena-1 em execucao
2021-10-03 13:32:46.443 [Thread-1] INFO  br.ufpa.cbcc.threads.central.Antena - Antena Antena-0 em execucao
2021-10-03 13:33:08.192 [main] INFO  br.ufpa.cbcc.threads.central.Antena - Antena-2 - Ligacao conectada 12 => 64
2021-10-03 13:33:13.778 [main] INFO  br.ufpa.cbcc.threads.central.Antena - Numero Ocupado! 64
2021-10-03 13:33:18.560 [main] INFO  br.ufpa.cbcc.threads.central.Antena - Numero Ocupado! 12
2021-10-03 13:39:51.063 [main] ERROR br.ufpa.cbcc.threads.Application - Comando não encontrado 'desligar'
2021-10-03 13:40:02.679 [main] ERROR br.ufpa.cbcc.threads.Application - Comando não reconhecido: desligar
